2021-12-04 09:44:47,920 [INFO ] main com.gitee.conghucai.blog.BlogApplication
                [StartupInfoLogger.java : 55] Starting BlogApplication using Java 1.8.0_202 on DESKTOP-U0EF4AU with PID 1664 (D:\Datas\Work\Project\myblog_springboot_project\target\classes started by THUNDEROBOT in D:\Datas\Work\Springboot\source_code\001-springboot-start)
2021-12-04 09:44:47,920 [INFO ] main com.gitee.conghucai.blog.BlogApplication
                [SpringApplication.java : 639] The following profiles are active: dev
2021-12-04 09:44:49,117 [INFO ] main o.s.data.repository.config.RepositoryConfigurationDelegate
                [RepositoryConfigurationDelegate.java : 262] Multiple Spring Data modules found, entering strict repository configuration mode!
2021-12-04 09:44:49,132 [INFO ] main o.s.data.repository.config.RepositoryConfigurationDelegate
                [RepositoryConfigurationDelegate.java : 132] Bootstrapping Spring Data Redis repositories in DEFAULT mode.
2021-12-04 09:44:49,164 [INFO ] main o.s.data.repository.config.RepositoryConfigurationDelegate
                [RepositoryConfigurationDelegate.java : 201] Finished Spring Data repository scanning in 11 ms. Found 0 Redis repository interfaces.
2021-12-04 09:44:49,705 [INFO ] main org.springframework.boot.web.embedded.tomcat.TomcatWebServer
                [TomcatWebServer.java : 108] Tomcat initialized with port(s): 31416 (http)
2021-12-04 09:44:49,705 [INFO ] main org.apache.coyote.http11.Http11NioProtocol
                [DirectJDKLog.java : 173] Initializing ProtocolHandler ["http-nio-31416"]
2021-12-04 09:44:49,705 [INFO ] main org.apache.catalina.core.StandardService
                [DirectJDKLog.java : 173] Starting service [Tomcat]
2021-12-04 09:44:49,705 [INFO ] main org.apache.catalina.core.StandardEngine
                [DirectJDKLog.java : 173] Starting Servlet engine: [Apache Tomcat/9.0.55]
2021-12-04 09:44:49,705 [WARN ] main org.apache.catalina.core.AprLifecycleListener
                [DirectJDKLog.java : 173] This listener must only be nested within Server elements, but is in [TomcatEmbeddedContext].
2021-12-04 09:44:49,705 [INFO ] main org.apache.catalina.core.AprLifecycleListener
                [DirectJDKLog.java : 173] An older version [1.2.23] of the Apache Tomcat Native library is installed, while Tomcat recommends a minimum version of [1.2.30]
2021-12-04 09:44:49,705 [INFO ] main org.apache.catalina.core.AprLifecycleListener
                [DirectJDKLog.java : 173] Loaded Apache Tomcat Native library [1.2.23] using APR version [1.7.0].
2021-12-04 09:44:49,705 [INFO ] main org.apache.catalina.core.AprLifecycleListener
                [DirectJDKLog.java : 173] APR capabilities: IPv6 [true], sendfile [true], accept filters [false], random [true], UDS [false].
2021-12-04 09:44:49,705 [INFO ] main org.apache.catalina.core.AprLifecycleListener
                [DirectJDKLog.java : 173] APR/OpenSSL configuration: useAprConnector [false], useOpenSSL [true]
2021-12-04 09:44:49,736 [INFO ] main org.apache.catalina.core.AprLifecycleListener
                [DirectJDKLog.java : 173] OpenSSL successfully initialized [OpenSSL 1.1.1c  28 May 2019]
2021-12-04 09:44:49,846 [INFO ] main o.a.catalina.core.ContainerBase.[Tomcat].[localhost].[/]
                [DirectJDKLog.java : 173] Initializing Spring embedded WebApplicationContext
2021-12-04 09:44:49,846 [INFO ] main o.s.b.web.servlet.context.ServletWebServerApplicationContext
                [ServletWebServerApplicationContext.java : 290] Root WebApplicationContext: initialization completed in 1848 ms
2021-12-04 09:44:50,932 [INFO ] main o.s.boot.autoconfigure.web.servlet.WelcomePageHandlerMapping
                [WelcomePageHandlerMapping.java : 53] Adding welcome page: class path resource [static/index.html]
2021-12-04 09:44:51,151 [INFO ] main org.apache.coyote.http11.Http11NioProtocol
                [DirectJDKLog.java : 173] Starting ProtocolHandler ["http-nio-31416"]
2021-12-04 09:44:51,170 [INFO ] main org.springframework.boot.web.embedded.tomcat.TomcatWebServer
                [TomcatWebServer.java : 220] Tomcat started on port(s): 31416 (http) with context path ''
2021-12-04 09:44:51,170 [INFO ] main com.gitee.conghucai.blog.BlogApplication
                [StartupInfoLogger.java : 61] Started BlogApplication in 4.005 seconds (JVM running for 5.286)
2021-12-04 09:46:01,191 [INFO ] http-nio-31416-exec-4 o.a.catalina.core.ContainerBase.[Tomcat].[localhost].[/]
                [DirectJDKLog.java : 173] Initializing Spring DispatcherServlet 'dispatcherServlet'
2021-12-04 09:46:01,192 [INFO ] http-nio-31416-exec-4 org.springframework.web.servlet.DispatcherServlet
                [FrameworkServlet.java : 525] Initializing Servlet 'dispatcherServlet'
2021-12-04 09:46:01,197 [INFO ] http-nio-31416-exec-4 org.springframework.web.servlet.DispatcherServlet
                [FrameworkServlet.java : 547] Completed initialization in 4 ms
2021-12-04 09:46:01,809 [INFO ] http-nio-31416-exec-4 com.zaxxer.hikari.HikariDataSource
                [HikariDataSource.java : 110] HikariPool-1 - Starting...
2021-12-04 09:46:02,794 [INFO ] http-nio-31416-exec-4 com.zaxxer.hikari.HikariDataSource
                [HikariDataSource.java : 123] HikariPool-1 - Start completed.
2021-12-04 09:49:02,227 [INFO ] main com.gitee.conghucai.blog.BlogApplication
                [StartupInfoLogger.java : 55] Starting BlogApplication using Java 1.8.0_202 on DESKTOP-U0EF4AU with PID 11760 (D:\Datas\Work\Project\myblog_springboot_project\target\classes started by THUNDEROBOT in D:\Datas\Work\Springboot\source_code\001-springboot-start)
2021-12-04 09:49:02,227 [INFO ] main com.gitee.conghucai.blog.BlogApplication
                [SpringApplication.java : 639] The following profiles are active: dev
2021-12-04 09:49:02,940 [INFO ] main o.s.data.repository.config.RepositoryConfigurationDelegate
                [RepositoryConfigurationDelegate.java : 262] Multiple Spring Data modules found, entering strict repository configuration mode!
2021-12-04 09:49:02,940 [INFO ] main o.s.data.repository.config.RepositoryConfigurationDelegate
                [RepositoryConfigurationDelegate.java : 132] Bootstrapping Spring Data Redis repositories in DEFAULT mode.
2021-12-04 09:49:02,956 [INFO ] main o.s.data.repository.config.RepositoryConfigurationDelegate
                [RepositoryConfigurationDelegate.java : 201] Finished Spring Data repository scanning in 8 ms. Found 0 Redis repository interfaces.
2021-12-04 09:49:03,325 [INFO ] main org.springframework.boot.web.embedded.tomcat.TomcatWebServer
                [TomcatWebServer.java : 108] Tomcat initialized with port(s): 31416 (http)
2021-12-04 09:49:03,325 [INFO ] main org.apache.coyote.http11.Http11NioProtocol
                [DirectJDKLog.java : 173] Initializing ProtocolHandler ["http-nio-31416"]
2021-12-04 09:49:03,325 [INFO ] main org.apache.catalina.core.StandardService
                [DirectJDKLog.java : 173] Starting service [Tomcat]
2021-12-04 09:49:03,325 [INFO ] main org.apache.catalina.core.StandardEngine
                [DirectJDKLog.java : 173] Starting Servlet engine: [Apache Tomcat/9.0.55]
2021-12-04 09:49:03,325 [WARN ] main org.apache.catalina.core.AprLifecycleListener
                [DirectJDKLog.java : 173] This listener must only be nested within Server elements, but is in [TomcatEmbeddedContext].
2021-12-04 09:49:03,325 [INFO ] main org.apache.catalina.core.AprLifecycleListener
                [DirectJDKLog.java : 173] An older version [1.2.23] of the Apache Tomcat Native library is installed, while Tomcat recommends a minimum version of [1.2.30]
2021-12-04 09:49:03,325 [INFO ] main org.apache.catalina.core.AprLifecycleListener
                [DirectJDKLog.java : 173] Loaded Apache Tomcat Native library [1.2.23] using APR version [1.7.0].
2021-12-04 09:49:03,325 [INFO ] main org.apache.catalina.core.AprLifecycleListener
                [DirectJDKLog.java : 173] APR capabilities: IPv6 [true], sendfile [true], accept filters [false], random [true], UDS [false].
2021-12-04 09:49:03,325 [INFO ] main org.apache.catalina.core.AprLifecycleListener
                [DirectJDKLog.java : 173] APR/OpenSSL configuration: useAprConnector [false], useOpenSSL [true]
2021-12-04 09:49:03,341 [INFO ] main org.apache.catalina.core.AprLifecycleListener
                [DirectJDKLog.java : 173] OpenSSL successfully initialized [OpenSSL 1.1.1c  28 May 2019]
2021-12-04 09:49:03,403 [INFO ] main o.a.catalina.core.ContainerBase.[Tomcat].[localhost].[/]
                [DirectJDKLog.java : 173] Initializing Spring embedded WebApplicationContext
2021-12-04 09:49:03,403 [INFO ] main o.s.b.web.servlet.context.ServletWebServerApplicationContext
                [ServletWebServerApplicationContext.java : 290] Root WebApplicationContext: initialization completed in 1103 ms
2021-12-04 09:49:03,988 [INFO ] main o.s.boot.autoconfigure.web.servlet.WelcomePageHandlerMapping
                [WelcomePageHandlerMapping.java : 53] Adding welcome page: class path resource [static/index.html]
2021-12-04 09:49:04,129 [INFO ] main org.apache.coyote.http11.Http11NioProtocol
                [DirectJDKLog.java : 173] Starting ProtocolHandler ["http-nio-31416"]
2021-12-04 09:49:04,129 [INFO ] main org.springframework.boot.web.embedded.tomcat.TomcatWebServer
                [TomcatWebServer.java : 220] Tomcat started on port(s): 31416 (http) with context path ''
2021-12-04 09:49:04,144 [INFO ] main com.gitee.conghucai.blog.BlogApplication
                [StartupInfoLogger.java : 61] Started BlogApplication in 2.349 seconds (JVM running for 3.044)
2021-12-04 09:49:10,417 [INFO ] http-nio-31416-exec-1 o.a.catalina.core.ContainerBase.[Tomcat].[localhost].[/]
                [DirectJDKLog.java : 173] Initializing Spring DispatcherServlet 'dispatcherServlet'
2021-12-04 09:49:10,418 [INFO ] http-nio-31416-exec-1 org.springframework.web.servlet.DispatcherServlet
                [FrameworkServlet.java : 525] Initializing Servlet 'dispatcherServlet'
2021-12-04 09:49:10,420 [INFO ] http-nio-31416-exec-1 org.springframework.web.servlet.DispatcherServlet
                [FrameworkServlet.java : 547] Completed initialization in 2 ms
2021-12-04 09:49:10,897 [INFO ] http-nio-31416-exec-5 com.zaxxer.hikari.HikariDataSource
                [HikariDataSource.java : 110] HikariPool-1 - Starting...
2021-12-04 09:49:11,184 [INFO ] http-nio-31416-exec-5 com.zaxxer.hikari.HikariDataSource
                [HikariDataSource.java : 123] HikariPool-1 - Start completed.
