2021-12-27 09:13:55,843 [INFO ] main com.gitee.conghucai.blog.BlogApplication
                [StartupInfoLogger.java : 55] Starting BlogApplication using Java 1.8.0_202 on DESKTOP-U0EF4AU with PID 13164 (D:\Datas\Work\Project\myblog_springboot_project\target\classes started by THUNDEROBOT in D:\Datas\Work\SpringBoot\source_code\001-springboot-start)
2021-12-27 09:13:55,852 [INFO ] main com.gitee.conghucai.blog.BlogApplication
                [SpringApplication.java : 639] The following profiles are active: dev
2021-12-27 09:13:57,445 [INFO ] main o.s.data.repository.config.RepositoryConfigurationDelegate
                [RepositoryConfigurationDelegate.java : 262] Multiple Spring Data modules found, entering strict repository configuration mode!
2021-12-27 09:13:57,453 [INFO ] main o.s.data.repository.config.RepositoryConfigurationDelegate
                [RepositoryConfigurationDelegate.java : 132] Bootstrapping Spring Data Redis repositories in DEFAULT mode.
2021-12-27 09:13:57,577 [INFO ] main o.s.data.repository.config.RepositoryConfigurationDelegate
                [RepositoryConfigurationDelegate.java : 201] Finished Spring Data repository scanning in 14 ms. Found 0 Redis repository interfaces.
2021-12-27 09:13:58,860 [INFO ] main org.springframework.boot.web.embedded.tomcat.TomcatWebServer
                [TomcatWebServer.java : 108] Tomcat initialized with port(s): 31415 (http)
2021-12-27 09:13:58,875 [INFO ] main org.apache.coyote.http11.Http11NioProtocol
                [DirectJDKLog.java : 173] Initializing ProtocolHandler ["http-nio-31415"]
2021-12-27 09:13:58,875 [INFO ] main org.apache.catalina.core.StandardService
                [DirectJDKLog.java : 173] Starting service [Tomcat]
2021-12-27 09:13:58,875 [INFO ] main org.apache.catalina.core.StandardEngine
                [DirectJDKLog.java : 173] Starting Servlet engine: [Apache Tomcat/9.0.55]
2021-12-27 09:13:58,879 [WARN ] main org.apache.catalina.core.AprLifecycleListener
                [DirectJDKLog.java : 173] This listener must only be nested within Server elements, but is in [TomcatEmbeddedContext].
2021-12-27 09:13:58,879 [INFO ] main org.apache.catalina.core.AprLifecycleListener
                [DirectJDKLog.java : 173] An older version [1.2.23] of the Apache Tomcat Native library is installed, while Tomcat recommends a minimum version of [1.2.30]
2021-12-27 09:13:58,879 [INFO ] main org.apache.catalina.core.AprLifecycleListener
                [DirectJDKLog.java : 173] Loaded Apache Tomcat Native library [1.2.23] using APR version [1.7.0].
2021-12-27 09:13:58,879 [INFO ] main org.apache.catalina.core.AprLifecycleListener
                [DirectJDKLog.java : 173] APR capabilities: IPv6 [true], sendfile [true], accept filters [false], random [true], UDS [false].
2021-12-27 09:13:58,880 [INFO ] main org.apache.catalina.core.AprLifecycleListener
                [DirectJDKLog.java : 173] APR/OpenSSL configuration: useAprConnector [false], useOpenSSL [true]
2021-12-27 09:13:58,920 [INFO ] main org.apache.catalina.core.AprLifecycleListener
                [DirectJDKLog.java : 173] OpenSSL successfully initialized [OpenSSL 1.1.1c  28 May 2019]
2021-12-27 09:13:59,032 [INFO ] main o.a.catalina.core.ContainerBase.[Tomcat].[localhost].[/]
                [DirectJDKLog.java : 173] Initializing Spring embedded WebApplicationContext
2021-12-27 09:13:59,032 [INFO ] main o.s.b.web.servlet.context.ServletWebServerApplicationContext
                [ServletWebServerApplicationContext.java : 290] Root WebApplicationContext: initialization completed in 3084 ms
2021-12-27 09:14:01,446 [INFO ] main o.s.boot.autoconfigure.web.servlet.WelcomePageHandlerMapping
                [WelcomePageHandlerMapping.java : 53] Adding welcome page: class path resource [static/index.html]
2021-12-27 09:14:01,870 [INFO ] main org.apache.coyote.http11.Http11NioProtocol
                [DirectJDKLog.java : 173] Starting ProtocolHandler ["http-nio-31415"]
2021-12-27 09:14:01,964 [INFO ] main org.springframework.boot.web.embedded.tomcat.TomcatWebServer
                [TomcatWebServer.java : 220] Tomcat started on port(s): 31415 (http) with context path ''
2021-12-27 09:14:01,974 [INFO ] main com.gitee.conghucai.blog.BlogApplication
                [StartupInfoLogger.java : 61] Started BlogApplication in 7.62 seconds (JVM running for 10.479)
2021-12-27 09:16:56,316 [INFO ] http-nio-31415-exec-4 o.a.catalina.core.ContainerBase.[Tomcat].[localhost].[/]
                [DirectJDKLog.java : 173] Initializing Spring DispatcherServlet 'dispatcherServlet'
2021-12-27 09:16:56,317 [INFO ] http-nio-31415-exec-4 org.springframework.web.servlet.DispatcherServlet
                [FrameworkServlet.java : 525] Initializing Servlet 'dispatcherServlet'
2021-12-27 09:16:56,319 [INFO ] http-nio-31415-exec-4 org.springframework.web.servlet.DispatcherServlet
                [FrameworkServlet.java : 547] Completed initialization in 2 ms
2021-12-27 09:16:56,522 [INFO ] http-nio-31415-exec-6 com.zaxxer.hikari.HikariDataSource
                [HikariDataSource.java : 110] HikariPool-1 - Starting...
2021-12-27 09:16:57,063 [INFO ] http-nio-31415-exec-6 com.zaxxer.hikari.HikariDataSource
                [HikariDataSource.java : 123] HikariPool-1 - Start completed.
